  CHAIN_Manager_Class.cpp
c1xx : warning C4199: 2 フェーズの名前参照は、C++/CLI、C++/CX、OpenMP ではサポートされていません。/Zc:twoPhase- を使用します
c:\users\wtnbks\desktop\210523_cnn_act_use\cnn_act_use\cnn_act_use\layerclass.h(68): warning C4305: '初期化中': 'double' から 'float' へ切り詰めます。
c:\users\wtnbks\desktop\210523_cnn_act_use\cnn_act_use\cnn_act_use\chain_manager_class.cpp(302): warning C4305: '引数': 'double' から 'float' へ切り詰めます。
  CNN_Act_Use.cpp
c1xx : warning C4199: 2 フェーズの名前参照は、C++/CLI、C++/CX、OpenMP ではサポートされていません。/Zc:twoPhase- を使用します
c:\users\wtnbks\desktop\210523_cnn_act_use\cnn_act_use\cnn_act_use\layerclass.h(68): warning C4305: '初期化中': 'double' から 'float' へ切り詰めます。
c:\users\wtnbks\desktop\210523_cnn_act_use\cnn_act_use\cnn_act_use\cnn_act_use.cpp(115): warning C4477: 'printf' : 書式文字列 '%d' には、型 'int' の引数が必要ですが、可変個引数 1 は型 'time_t' です
  c:\users\wtnbks\desktop\210523_cnn_act_use\cnn_act_use\cnn_act_use\cnn_act_use.cpp(115): note: 書式文字列に '%lld' を使用することをお勧めします
  c:\users\wtnbks\desktop\210523_cnn_act_use\cnn_act_use\cnn_act_use\cnn_act_use.cpp(115): note: 書式文字列に '%Id' を使用することをお勧めします
  c:\users\wtnbks\desktop\210523_cnn_act_use\cnn_act_use\cnn_act_use\cnn_act_use.cpp(115): note: 書式文字列に '%I64d' を使用することをお勧めします
  Window_Manager_Class.cpp
c1xx : warning C4199: 2 フェーズの名前参照は、C++/CLI、C++/CX、OpenMP ではサポートされていません。/Zc:twoPhase- を使用します
c:\users\wtnbks\desktop\210523_cnn_act_use\cnn_act_use\cnn_act_use\layerclass.h(68): warning C4305: '初期化中': 'double' から 'float' へ切り詰めます。
c:\users\wtnbks\desktop\210523_cnn_act_use\cnn_act_use\cnn_act_use\window_manager_class.cpp(450): warning C4065: switch 文に 'default' はありますが 'case' ラベルがありません。
c:\users\wtnbks\desktop\210523_cnn_act_use\cnn_act_use\cnn_act_use\window_manager_class.cpp(400): warning C4101: 'winRect': ローカル変数は 1 度も使われていません。
  mainController.cpp
c1xx : warning C4199: 2 フェーズの名前参照は、C++/CLI、C++/CX、OpenMP ではサポートされていません。/Zc:twoPhase- を使用します
c:\users\wtnbks\desktop\210523_cnn_act_use\cnn_act_use\cnn_act_use\layerclass.h(68): warning C4305: '初期化中': 'double' から 'float' へ切り詰めます。
  コード生成しています。
  2 of 215 functions ( 0.9%) were compiled, the rest were copied from previous compilation.
    1 functions were new in current compilation
    1 functions had inline decision re-evaluated but remain unchanged
  コード生成が終了しました。
  CNN_Act_Use.vcxproj -> C:\Users\wtnbks\Desktop\210523_CNN_Act_Use\CNN_Act_Use\x64\Release\CNN_Act_Use.exe
